Using pre-set license
Built from '2020.3/staging' branch; Version is '2020.3.0f1 (c7b5465681fb) revision 13088070'; Using compiler version '192528614'; Build Type 'Release'
OS: 'Windows 10 Home; OS build 19042.1348; Version 2009; 64bit' Language: 'en' Physical Memory: 15970 MB
BatchMode: 1, IsHumanControllingUs: 0, StartBugReporterOnCrash: 0, Is64bit: 1, IsPro: 0

 COMMAND LINE ARGUMENTS:
C:\Program Files\Unity\Hub\Editor\2020.3.0f1\Editor\Unity.exe
-adb2
-batchMode
-noUpm
-name
AssetImportWorker0
-projectPath
C:/Users/csviv/Desktop/unity/akumaStore
-logFile
Logs/AssetImportWorker0.log
-srvPort
59838
Successfully changed project path to: C:/Users/csviv/Desktop/unity/akumaStore
C:/Users/csviv/Desktop/unity/akumaStore
Using Asset Import Pipeline V2.
Refreshing native plugins compatible for Editor in 194.05 ms, found 1 plugins.
Preloading 0 native plugins for Editor in 0.00 ms.
Initialize engine version: 2020.3.0f1 (c7b5465681fb)
[Subsystems] Discovering subsystems at path C:/Program Files/Unity/Hub/Editor/2020.3.0f1/Editor/Data/Resources/UnitySubsystems
[Subsystems] Discovering subsystems at path C:/Users/csviv/Desktop/unity/akumaStore/Assets
GfxDevice: creating device client; threaded=0
Direct3D:
    Version:  Direct3D 11.0 [level 11.1]
    Renderer: Intel(R) Iris(R) Plus Graphics (ID=0x8a52)
    Vendor:   
    VRAM:     7985 MB
    Driver:   27.20.100.9621
Shader 'Universal Render Pipeline/Particles/Lit': fallback shader 'Universal Render Pipeline/Particles/SimpleLit' not found
Initialize mono
Mono path[0] = 'C:/Program Files/Unity/Hub/Editor/2020.3.0f1/Editor/Data/Managed'
Mono path[1] = 'C:/Program Files/Unity/Hub/Editor/2020.3.0f1/Editor/Data/MonoBleedingEdge/lib/mono/unityjit'
Mono config path = 'C:/Program Files/Unity/Hub/Editor/2020.3.0f1/Editor/Data/MonoBleedingEdge/etc'
Using monoOptions --debugger-agent=transport=dt_socket,embedding=1,server=y,suspend=n,address=127.0.0.1:56496
Begin MonoManager ReloadAssembly
Registering precompiled unity dll's ...
Register platform support module: C:/Program Files/Unity/Hub/Editor/2020.3.0f1/Editor/Data/PlaybackEngines/WebGLSupport/UnityEditor.WebGL.Extensions.dll
Register platform support module: C:/Program Files/Unity/Hub/Editor/2020.3.0f1/Editor/Data/PlaybackEngines/WindowsStandaloneSupport/UnityEditor.WindowsStandalone.Extensions.dll
Registered in 0.002333 seconds.
Native extension for WindowsStandalone target not found
Native extension for WebGL target not found
Refreshing native plugins compatible for Editor in 166.60 ms, found 1 plugins.
Preloading 0 native plugins for Editor in 0.00 ms.
Invoked RoslynAnalysisRunner static constructor.
RoslynAnalysisRunner will not be running.
RoslynAnalysisRunner has terminated.
Mono: successfully reloaded assembly
- Completed reload, in  1.471 seconds
Platform modules already initialized, skipping
Registering precompiled user dll's ...
Registered in 0.004637 seconds.
Begin MonoManager ReloadAssembly
Native extension for WindowsStandalone target not found
Native extension for WebGL target not found
Refreshing native plugins compatible for Editor in 187.06 ms, found 1 plugins.
Preloading 0 native plugins for Editor in 0.00 ms.
Invoked RoslynAnalysisRunner static constructor.
RoslynAnalysisRunner will not be running.
RoslynAnalysisRunner has terminated.
Mono: successfully reloaded assembly
- Completed reload, in  1.634 seconds
Platform modules already initialized, skipping
========================================================================
Worker process is ready to serve import requests
Shader 'Universal Render Pipeline/Particles/Lit': fallback shader 'Universal Render Pipeline/Particles/SimpleLit' not found
Launched and connected shader compiler UnityShaderCompiler.exe after 0.07 seconds
Refreshing native plugins compatible for Editor in 1.66 ms, found 1 plugins.
Preloading 0 native plugins for Editor in 0.00 ms.
Unloading 4639 Unused Serialized files (Serialized files now loaded: 0)
System memory in use before: 194.4 MB.
System memory in use after: 194.6 MB.

Unloading 113 unused Assets to reduce memory usage. Loaded Objects now: 5073.
Total: 2.849400 ms (FindLiveObjects: 0.521900 ms CreateObjectMapping: 0.177300 ms MarkObjects: 1.991700 ms  DeleteObjects: 0.156600 ms)

========================================================================
Received Import Request.
  path: Assets/Resources/csv
  artifactKey: Guid(869891f8f26b145448da12c8e01126eb) Importer(815301076,1909f56bfc062723c751e8b465ee728b)
Start importing Assets/Resources/csv using Guid(869891f8f26b145448da12c8e01126eb) Importer(815301076,1909f56bfc062723c751e8b465ee728b)  -> (artifact id: '9a16afb72c97a88a6516e267b54547a0') in 0.015437 seconds
  Import took 0.025364 seconds .

========================================================================
Received Import Request.
  Time since last request: 0.000210 seconds.
  path: Assets/Resources/csv/Towers/single.csv
  artifactKey: Guid(f7518e30329abc04c8cc3d7b0717177a) Importer(815301076,1909f56bfc062723c751e8b465ee728b)
Start importing Assets/Resources/csv/Towers/single.csv using Guid(f7518e30329abc04c8cc3d7b0717177a) Importer(815301076,1909f56bfc062723c751e8b465ee728b)  -> (artifact id: '42045d7e3ab569d63cd5bc798027cb52') in 0.043118 seconds
  Import took 0.051847 seconds .

========================================================================
Received Import Request.
  Time since last request: 0.000234 seconds.
  path: Assets/Resources/csv/Towers
  artifactKey: Guid(ffb766fe1e2021940acfa8928662303c) Importer(815301076,1909f56bfc062723c751e8b465ee728b)
Start importing Assets/Resources/csv/Towers using Guid(ffb766fe1e2021940acfa8928662303c) Importer(815301076,1909f56bfc062723c751e8b465ee728b)  -> (artifact id: 'fcc4c20d0cb3a04ff9302dfbf7dd2dea') in 0.010245 seconds
  Import took 0.019497 seconds .

========================================================================
Received Import Request.
  Time since last request: 1.111637 seconds.
  path: Assets/Resources/csv/Towers/single.csv
  artifactKey: Guid(f7518e30329abc04c8cc3d7b0717177a) Importer(815301076,1909f56bfc062723c751e8b465ee728b)
Start importing Assets/Resources/csv/Towers/single.csv using Guid(f7518e30329abc04c8cc3d7b0717177a) Importer(815301076,1909f56bfc062723c751e8b465ee728b)  -> (artifact id: '42045d7e3ab569d63cd5bc798027cb52') in 0.006386 seconds
  Import took 0.019711 seconds .

========================================================================
Received Import Request.
  Time since last request: 185301.534731 seconds.
  path: Assets/Resources/csv/Towers/single.csv
  artifactKey: Guid(f7518e30329abc04c8cc3d7b0717177a) Importer(815301076,1909f56bfc062723c751e8b465ee728b)
Start importing Assets/Resources/csv/Towers/single.csv using Guid(f7518e30329abc04c8cc3d7b0717177a) Importer(815301076,1909f56bfc062723c751e8b465ee728b)  -> (artifact id: 'b9325af7a20aa8918f564971703f4e51') in 1.365531 seconds
  Import took 3.060124 seconds .

AssetImportWorkerClient::OnTransportError - code=2 error=End of file
